<?xml version="1.0" encoding="UTF-8"?>
<testng-results ignored="0" total="1" passed="1" failed="0" skipped="0">
  <reporter-output>
  </reporter-output>
  <suite started-at="2022-06-01T11:20:04 IST" name="Default suite" finished-at="2022-06-01T11:20:18 IST" duration-ms="14299">
    <groups>
    </groups>
    <test started-at="2022-06-01T11:20:04 IST" name="Default test" finished-at="2022-06-01T11:20:18 IST" duration-ms="14299">
      <class name="DDF_POM_TESTNG_BASE_UTILTY_CLASS.KiteLoginTest">
        <test-method is-config="true" signature="openBrowser()[pri:0, instance:DDF_POM_TESTNG_BASE_UTILTY_CLASS.KiteLoginTest@53fdffa1]" started-at="2022-06-01T11:20:04 IST" name="openBrowser" finished-at="2022-06-01T11:20:12 IST" duration-ms="8764" status="PASS">
          <reporter-output>
          </reporter-output>
        </test-method> <!-- openBrowser -->
        <test-method is-config="true" signature="login()[pri:0, instance:DDF_POM_TESTNG_BASE_UTILTY_CLASS.KiteLoginTest@53fdffa1]" started-at="2022-06-01T11:20:12 IST" name="login" finished-at="2022-06-01T11:20:14 IST" duration-ms="2044" status="PASS">
          <reporter-output>
          </reporter-output>
        </test-method> <!-- login -->
        <test-method signature="test()[pri:0, instance:DDF_POM_TESTNG_BASE_UTILTY_CLASS.KiteLoginTest@53fdffa1]" started-at="2022-06-01T11:20:14 IST" name="test" finished-at="2022-06-01T11:20:16 IST" duration-ms="1604" status="PASS">
          <reporter-output>
          </reporter-output>
        </test-method> <!-- test -->
        <test-method is-config="true" signature="logOut(org.testng.ITestResult)[pri:0, instance:DDF_POM_TESTNG_BASE_UTILTY_CLASS.KiteLoginTest@53fdffa1]" started-at="2022-06-01T11:20:16 IST" name="logOut" finished-at="2022-06-01T11:20:17 IST" duration-ms="916" status="PASS">
          <params>
            <param index="0">
              <value>
                <![CDATA[[TestResult name=test status=SUCCESS method=KiteLoginTest.test()[pri:0, instance:DDF_POM_TESTNG_BASE_UTILTY_CLASS.KiteLoginTest@53fdffa1] output={null}]]]>
              </value>
            </param>
          </params>
          <reporter-output>
          </reporter-output>
        </test-method> <!-- logOut -->
        <test-method is-config="true" signature="closeBrowser()[pri:0, instance:DDF_POM_TESTNG_BASE_UTILTY_CLASS.KiteLoginTest@53fdffa1]" started-at="2022-06-01T11:20:17 IST" name="closeBrowser" finished-at="2022-06-01T11:20:18 IST" duration-ms="921" status="PASS">
          <reporter-output>
          </reporter-output>
        </test-method> <!-- closeBrowser -->
      </class> <!-- DDF_POM_TESTNG_BASE_UTILTY_CLASS.KiteLoginTest -->
    </test> <!-- Default test -->
  </suite> <!-- Default suite -->
</testng-results>
