<?xml version="1.0" encoding="UTF-8"?>
<!-- Generated by org.testng.reporters.JUnitXMLReporter -->
<testsuite ignored="6" hostname="Jyoti" failures="0" tests="4" name="Group" time="0.109" errors="0" timestamp="2022-05-28T12:42:27 IST">
  <testcase classname="TestNG.TestNG_group" name="TC3" time="0.017"/>
  <testcase classname="TestNG.TestNG_group" name="TC4" time="0.004"/>
  <testcase classname="TestNG.TestNG_group" name="TC5" time="0.002"/>
  <testcase classname="TestNG.TestNG_group" name="TC6" time="0.001"/>
  <testcase classname="TestNG.TestNG_group" name="TC2" time="0.0">
    <ignored/>
  </testcase> <!-- TC2 -->
  <testcase classname="TestNG.TestNG_group" name="TC1" time="0.0">
    <ignored/>
  </testcase> <!-- TC1 -->
  <testcase classname="TestNG.TestNG_group" name="TC10" time="0.0">
    <ignored/>
  </testcase> <!-- TC10 -->
  <testcase classname="TestNG.TestNG_group" name="TC8" time="0.0">
    <ignored/>
  </testcase> <!-- TC8 -->
  <testcase classname="TestNG.TestNG_group" name="TC7" time="0.0">
    <ignored/>
  </testcase> <!-- TC7 -->
  <testcase classname="TestNG.TestNG_group" name="TC9" time="0.0">
    <ignored/>
  </testcase> <!-- TC9 -->
</testsuite> <!-- Group -->
