<?xml version="1.0" encoding="UTF-8"?>
<!-- Generated by org.testng.reporters.JUnitXMLReporter -->
<testsuite ignored="0" hostname="Jyoti" failures="0" tests="10" name="Sample" time="0.107" errors="0" timestamp="2022-05-27T15:03:19 IST">
  <testcase classname="TestNG.Sample1" name="TC1" time="0.01"/>
  <testcase classname="TestNG.Sample1" name="TC2" time="0.001"/>
  <testcase classname="TestNG.Sample1" name="TC3" time="0.002"/>
  <testcase classname="TestNG.Sample2" name="TC4" time="0.002"/>
  <testcase classname="TestNG.Sample2" name="TC5" time="0.002"/>
  <testcase classname="TestNG.Sample2" name="TC6" time="0.002"/>
  <testcase classname="TestNG.Sample2" name="TC7" time="0.001"/>
  <testcase classname="TestNG.Sample3" name="TC10" time="0.003"/>
  <testcase classname="TestNG.Sample3" name="TC8" time="0.002"/>
  <testcase classname="TestNG.Sample3" name="TC9" time="0.002"/>
</testsuite> <!-- Sample -->
